WARNING: This is a development server. Do not use it in a production deployment. Use a production WSGI server instead.
 * Running on http://127.0.0.1:5000
Press CTRL+C to quit
 * Restarting with watchdog (windowsapi)
 * Debugger is active!
 * Debugger PIN: 135-057-938
 * Detected change in 'C:\\Users\\DELL\\OneDrive\\Desktop\\MC\\MediConnect\\MediConnect\\app.py', reloading
 * Detected change in 'C:\\Users\\DELL\\OneDrive\\Desktop\\MC\\MediConnect\\MediConnect\\app.py', reloading
 * Restarting with watchdog (windowsapi)
 * Debugger is active!
 * Debugger PIN: 135-057-938
 * Detected change in 'C:\\Users\\DELL\\OneDrive\\Desktop\\MC\\MediConnect\\MediConnect\\app.py', reloading
 * Detected change in 'C:\\Users\\DELL\\OneDrive\\Desktop\\MC\\MediConnect\\MediConnect\\app.py', reloading
 * Restarting with watchdog (windowsapi)
 * Debugger is active!
 * Debugger PIN: 135-057-938
 * Detected change in 'C:\\Users\\DELL\\OneDrive\\Desktop\\MC\\MediConnect\\MediConnect\\app.py', reloading
 * Restarting with watchdog (windowsapi)
 * Debugger is active!
 * Debugger PIN: 135-057-938
 * Detected change in 'C:\\Users\\DELL\\AppData\\Local\\Programs\\Python\\Python312\\Lib\\site-packages\\flask\\__init__.py', reloading
 * Detected change in 'C:\\Users\\DELL\\AppData\\Local\\Programs\\Python\\Python312\\Lib\\site-packages\\flask\\app.py', reloading
 * Detected change in 'C:\\Users\\DELL\\AppData\\Local\\Programs\\Python\\Python312\\Lib\\site-packages\\flask\\sansio\\app.py', reloading
 * Detected change in 'C:\\Users\\DELL\\AppData\\Local\\Programs\\Python\\Python312\\Lib\\site-packages\\flask\\sansio\\scaffold.py', reloading
 * Detected change in 'C:\\Users\\DELL\\AppData\\Local\\Programs\\Python\\Python312\\Lib\\site-packages\\flask\\globals.py', reloading
 * Detected change in 'C:\\Users\\DELL\\AppData\\Local\\Programs\\Python\\Python312\\Lib\\site-packages\\flask\\ctx.py', reloading
 * Detected change in 'C:\\Users\\DELL\\AppData\\Local\\Programs\\Python\\Python312\\Lib\\site-packages\\flask\\helpers.py', reloading
 * Detected change in 'C:\\Users\\DELL\\AppData\\Local\\Programs\\Python\\Python312\\Lib\\site-packages\\werkzeug\\wrappers\\__init__.py', reloading
 * Detected change in 'C:\\Users\\DELL\\AppData\\Local\\Programs\\Python\\Python312\\Lib\\site-packages\\werkzeug\\wrappers\\response.py', reloading
 * Detected change in 'C:\\Users\\DELL\\AppData\\Local\\Programs\\Python\\Python312\\Lib\\site-packages\\werkzeug\\sansio\\response.py', reloading
 * Detected change in 'C:\\Users\\DELL\\AppData\\Local\\Programs\\Python\\Python312\\Lib\\site-packages\\flask\\templating.py', reloading
 * Detected change in 'C:\\Users\\DELL\\AppData\\Local\\Programs\\Python\\Python312\\Lib\\site-packages\\jinja2\\__init__.py', reloading
 * Detected change in 'C:\\Users\\DELL\\AppData\\Local\\Programs\\Python\\Python312\\Lib\\site-packages\\jinja2\\environment.py', reloading
 * Detected change in 'C:\\Users\\DELL\\AppData\\Local\\Programs\\Python\\Python312\\Lib\\site-packages\\flask\\wrappers.py', reloading
 * Detected change in 'C:\\Users\\DELL\\AppData\\Local\\Programs\\Python\\Python312\\Lib\\site-packages\\werkzeug\\wrappers\\request.py', reloading
 * Detected change in 'C:\\Users\\DELL\\AppData\\Local\\Programs\\Python\\Python312\\Lib\\site-packages\\werkzeug\\sansio\\request.py', reloading
 * Detected change in 'C:\\Users\\DELL\\AppData\\Local\\Programs\\Python\\Python312\\Lib\\site-packages\\flask\\sessions.py', reloading
 * Detected change in 'C:\\Users\\DELL\\AppData\\Local\\Programs\\Python\\Python312\\Lib\\site-packages\\flask\\json\\__init__.py', reloading
 * Detected change in 'C:\\Users\\DELL\\AppData\\Local\\Programs\\Python\\Python312\\Lib\\site-packages\\werkzeug\\security.py', reloading
 * Detected change in 'C:\\Users\\DELL\\AppData\\Local\\Programs\\Python\\Python312\\Lib\\site-packages\\flask\\config.py', reloading
 * Detected change in 'C:\\Users\\DELL\\AppData\\Local\\Programs\\Python\\Python312\\Lib\\site-packages\\flask\\typing.py', reloading
 * Detected change in 'C:\\Users\\DELL\\AppData\\Local\\Programs\\Python\\Python312\\Lib\\site-packages\\werkzeug\\datastructures\\__init__.py', reloading
 * Detected change in 'C:\\Users\\DELL\\AppData\\Local\\Programs\\Python\\Python312\\Lib\\site-packages\\werkzeug\\utils.py', reloading
 * Detected change in 'C:\\Users\\DELL\\AppData\\Local\\Programs\\Python\\Python312\\Lib\\site-packages\\werkzeug\\_internal.py', reloading
 * Restarting with watchdog (windowsapi)
 * Debugger is active!
 * Debugger PIN: 135-057-938
 * Detected change in 'C:\\Users\\DELL\\OneDrive\\Desktop\\MC\\MediConnect\\MediConnect\\app.py', reloading
 * Detected change in 'C:\\Users\\DELL\\OneDrive\\Desktop\\MC\\MediConnect\\MediConnect\\app.py', reloading
 * Detected change in 'C:\\Users\\DELL\\OneDrive\\Desktop\\MC\\MediConnect\\MediConnect\\app.py', reloading
 * Restarting with watchdog (windowsapi)
 * Debugger is active!
 * Debugger PIN: 135-057-938
 * Detected change in 'C:\\Users\\DELL\\OneDrive\\Desktop\\MC\\MediConnect\\MediConnect\\app.py', reloading
 * Detected change in 'C:\\Users\\DELL\\OneDrive\\Desktop\\MC\\MediConnect\\MediConnect\\app.py', reloading
 * Restarting with watchdog (windowsapi)
 * Debugger is active!
 * Debugger PIN: 135-057-938
 * Detected change in 'C:\\Users\\DELL\\OneDrive\\Desktop\\MC\\MediConnect\\MediConnect\\app.py', reloading
 * Detected change in 'C:\\Users\\DELL\\OneDrive\\Desktop\\MC\\MediConnect\\MediConnect\\app.py', reloading
 * Detected change in 'C:\\Users\\DELL\\OneDrive\\Desktop\\MC\\MediConnect\\MediConnect\\app.py', reloading
 * Restarting with watchdog (windowsapi)
 * Debugger is active!
 * Debugger PIN: 135-057-938
 * Detected change in 'C:\\Users\\DELL\\OneDrive\\Desktop\\MC\\MediConnect\\MediConnect\\app.py', reloading
 * Detected change in 'C:\\Users\\DELL\\OneDrive\\Desktop\\MC\\MediConnect\\MediConnect\\app.py', reloading
 * Detected change in 'C:\\Users\\DELL\\OneDrive\\Desktop\\MC\\MediConnect\\MediConnect\\app.py', reloading
 * Restarting with watchdog (windowsapi)
 * Debugger is active!
 * Debugger PIN: 135-057-938
 * Detected change in 'C:\\Users\\DELL\\OneDrive\\Desktop\\MC\\MediConnect\\MediConnect\\app.py', reloading
 * Detected change in 'C:\\Users\\DELL\\OneDrive\\Desktop\\MC\\MediConnect\\MediConnect\\app.py', reloading
 * Restarting with watchdog (windowsapi)
 * Debugger is active!
 * Debugger PIN: 135-057-938
 * Detected change in 'C:\\Users\\DELL\\OneDrive\\Desktop\\MC\\MediConnect\\MediConnect\\app.py', reloading
 * Detected change in 'C:\\Users\\DELL\\OneDrive\\Desktop\\MC\\MediConnect\\MediConnect\\app.py', reloading
 * Restarting with watchdog (windowsapi)
 * Debugger is active!
 * Debugger PIN: 135-057-938
